The system is: Windows - 10.0.18362 - AMD64
Compiling the CXX compiler identification source file "CMakeCXXCompilerId.cpp" succeeded.
Compiler: C:/Program Files (x86)/Microsoft Visual Studio/2019/Community/VC/Tools/MSVC/14.23.28105/bin/HostX64/x64/cl.exe 
Build flags: 
Id flags:  

The output was:
0
Microsoft (R) C/C++-Optimierungscompiler Version 19.23.28105.4 für x64
Copyright (C) Microsoft Corporation. Alle Rechte vorbehalten.

CMakeCXXCompilerId.cpp
Microsoft (R) Incremental Linker Version 14.23.28105.4
Copyright (C) Microsoft Corporation.  All rights reserved.

/out:CMakeCXXCompilerId.exe 
CMakeCXXCompilerId.obj 


Compilation of the CXX compiler identification source "CMakeCXXCompilerId.cpp" produced "CMakeCXXCompilerId.exe"

Compilation of the CXX compiler identification source "CMakeCXXCompilerId.cpp" produced "CMakeCXXCompilerId.obj"

The CXX compiler identification is MSVC, found in "C:/Users/ann_k/Documents/Studium Bachelor/Informatik/Semester 5/Computergrafik/cg-hs2019/Serie 0/assignment_00/out/build/x64-Debug/CMakeFiles/3.15.19080502-MSVC_2/CompilerIdCXX/CMakeCXXCompilerId.exe"

Determining if the CXX compiler works passed with the following output:
Change Dir: C:/Users/ann_k/Documents/Studium Bachelor/Informatik/Semester 5/Computergrafik/cg-hs2019/Serie 0/assignment_00/out/build/x64-Debug/CMakeFiles/CMakeTmp

Run Build Command(s):C:/Program Files (x86)/Microsoft Visual Studio/2019/Community/Common7/IDE/CommonExtensions/Microsoft/CMake/Ninja/ninja.exe cmTC_81f8f && [1/2] Building CXX object CMakeFiles\cmTC_81f8f.dir\testCXXCompiler.cxx.obj
[2/2] Linking CXX executable cmTC_81f8f.exe



Detecting CXX compiler ABI info compiled with the following output:
Change Dir: C:/Users/ann_k/Documents/Studium Bachelor/Informatik/Semester 5/Computergrafik/cg-hs2019/Serie 0/assignment_00/out/build/x64-Debug/CMakeFiles/CMakeTmp

Run Build Command(s):C:/Program Files (x86)/Microsoft Visual Studio/2019/Community/Common7/IDE/CommonExtensions/Microsoft/CMake/Ninja/ninja.exe cmTC_db4ae && [1/2] Building CXX object CMakeFiles\cmTC_db4ae.dir\CMakeCXXCompilerABI.cpp.obj
[2/2] Linking CXX executable cmTC_db4ae.exe



